[debug] [2026-06-13T21:10:03.884Z] ----------------------------------------------------------------------
[debug] [2026-06-13T21:10:03.889Z] Command:       C:\Program Files\nodejs\node.exe C:\Users\Lenovo\AppData\Roaming\npm\node_modules\firebase-tools\lib\bin\firebase.js deploy --only hosting
[debug] [2026-06-13T21:10:03.890Z] CLI Version:   15.18.0
[debug] [2026-06-13T21:10:03.890Z] Platform:      win32
[debug] [2026-06-13T21:10:03.891Z] Node Version:  v22.14.0
[debug] [2026-06-13T21:10:03.892Z] Time:          Sat Jun 13 2026 16:10:03 GMT-0500 (hora estándar de Colombia)
[debug] [2026-06-13T21:10:03.892Z] ----------------------------------------------------------------------
[debug] 
[debug] [2026-06-13T21:10:03.897Z] >>> [apiv2][query] GET https://firebase-public.firebaseio.com/cli.json [none]
[debug] [2026-06-13T21:10:07.669Z] > command requires scopes: ["email","openid","https://www.googleapis.com/auth/cloudplatformprojects.readonly","https://www.googleapis.com/auth/firebase","https://www.googleapis.com/auth/cloud-platform"]
[debug] [2026-06-13T21:10:07.670Z] > authorizing via signed-in user (appchys.ec@gmail.com)
[debug] [2026-06-13T21:10:07.670Z] [iam] checking project ifsolucionesautomotrices for permissions ["firebase.projects.get","firebasehosting.sites.update"]
[debug] [2026-06-13T21:10:07.670Z] Checked if tokens are valid: false, expires at: 1781231432762
[debug] [2026-06-13T21:10:07.670Z] Checked if tokens are valid: false, expires at: 1781231432762
[debug] [2026-06-13T21:10:07.671Z] > refreshing access token with scopes: []
[debug] [2026-06-13T21:10:07.672Z] >>> [apiv2][query] POST https://www.googleapis.com/oauth2/v3/token [none]
[debug] [2026-06-13T21:10:07.672Z] >>> [apiv2][body] POST https://www.googleapis.com/oauth2/v3/token [omitted]
[debug] [2026-06-13T21:10:07.927Z] <<< [apiv2][status] POST https://www.googleapis.com/oauth2/v3/token 200
[debug] [2026-06-13T21:10:07.927Z] <<< [apiv2][body] POST https://www.googleapis.com/oauth2/v3/token [omitted]
[debug] [2026-06-13T21:10:07.936Z] >>> [apiv2][query] POST https://cloudresourcemanager.googleapis.com/v1/projects/ifsolucionesautomotrices:testIamPermissions [none]
[debug] [2026-06-13T21:10:07.936Z] >>> [apiv2][(partial)header] POST https://cloudresourcemanager.googleapis.com/v1/projects/ifsolucionesautomotrices:testIamPermissions  x-goog-user-project=ifsolucionesautomotrices
[debug] [2026-06-13T21:10:07.936Z] >>> [apiv2][body] POST https://cloudresourcemanager.googleapis.com/v1/projects/ifsolucionesautomotrices:testIamPermissions {"permissions":["firebase.projects.get","firebasehosting.sites.update"]}
[debug] [2026-06-13T21:10:08.031Z] <<< [apiv2][status] GET https://firebase-public.firebaseio.com/cli.json 200
[debug] [2026-06-13T21:10:08.031Z] <<< [apiv2][body] GET https://firebase-public.firebaseio.com/cli.json {"cloudBuildErrorAfter":1594252800000,"cloudBuildWarnAfter":1590019200000,"defaultNode10After":1594252800000,"minVersion":"3.0.5","node8DeploysDisabledAfter":1613390400000,"node8RuntimeDisabledAfter":1615809600000,"node8WarnAfter":1600128000000}
[debug] [2026-06-13T21:10:08.644Z] <<< [apiv2][status] POST https://cloudresourcemanager.googleapis.com/v1/projects/ifsolucionesautomotrices:testIamPermissions 200
[debug] [2026-06-13T21:10:08.644Z] <<< [apiv2][body] POST https://cloudresourcemanager.googleapis.com/v1/projects/ifsolucionesautomotrices:testIamPermissions {"permissions":["firebase.projects.get","firebasehosting.sites.update"]}
[debug] [2026-06-13T21:10:08.645Z] Checked if tokens are valid: true, expires at: 1781388606927
[debug] [2026-06-13T21:10:08.645Z] Checked if tokens are valid: true, expires at: 1781388606927
[debug] [2026-06-13T21:10:08.645Z] >>> [apiv2][query] GET https://firebase.googleapis.com/v1beta1/projects/ifsolucionesautomotrices [none]
[debug] [2026-06-13T21:10:09.199Z] <<< [apiv2][status] GET https://firebase.googleapis.com/v1beta1/projects/ifsolucionesautomotrices 200
[debug] [2026-06-13T21:10:09.199Z] <<< [apiv2][body] GET https://firebase.googleapis.com/v1beta1/projects/ifsolucionesautomotrices {"projectId":"ifsolucionesautomotrices","projectNumber":"610108589353","displayName":"ifsolucionesautomotrices","name":"projects/ifsolucionesautomotrices","resources":{"hostingSite":"ifsolucionesautomotrices"},"state":"ACTIVE","etag":"1_82d2bd46-f6d3-442d-aca3-3a2a0937cdb8"}
[debug] [2026-06-13T21:10:11.909Z] Checked if tokens are valid: true, expires at: 1781388606927
[debug] [2026-06-13T21:10:11.909Z] Checked if tokens are valid: true, expires at: 1781388606927
[debug] [2026-06-13T21:10:11.910Z] >>> [apiv2][query] GET https://firebasehosting.googleapis.com/v1beta1/projects/ifsolucionesautomotrices/sites pageToken=&pageSize=10
[debug] [2026-06-13T21:10:13.272Z] <<< [apiv2][status] GET https://firebasehosting.googleapis.com/v1beta1/projects/ifsolucionesautomotrices/sites 200
[debug] [2026-06-13T21:10:13.272Z] <<< [apiv2][body] GET https://firebasehosting.googleapis.com/v1beta1/projects/ifsolucionesautomotrices/sites {"sites":[{"name":"projects/ifsolucionesautomotrices/sites/ifsolucionesautomotrices","defaultUrl":"https://ifsolucionesautomotrices.web.app","appId":"1:610108589353:web:528c3d4d141edc52be6338","type":"DEFAULT_SITE"}]}
[debug] [2026-06-13T21:10:13.272Z] Checked if tokens are valid: true, expires at: 1781388606927
[debug] [2026-06-13T21:10:13.272Z] Checked if tokens are valid: true, expires at: 1781388606927
[debug] [2026-06-13T21:10:13.272Z] >>> [apiv2][query] GET https://firebase.googleapis.com/v1beta1/projects/-/webApps/1:610108589353:web:528c3d4d141edc52be6338/config [none]
[debug] [2026-06-13T21:10:13.755Z] <<< [apiv2][status] GET https://firebase.googleapis.com/v1beta1/projects/-/webApps/1:610108589353:web:528c3d4d141edc52be6338/config 200
[debug] [2026-06-13T21:10:13.755Z] <<< [apiv2][body] GET https://firebase.googleapis.com/v1beta1/projects/-/webApps/1:610108589353:web:528c3d4d141edc52be6338/config {"projectId":"ifsolucionesautomotrices","appId":"1:610108589353:web:528c3d4d141edc52be6338","storageBucket":"ifsolucionesautomotrices.firebasestorage.app","apiKey":"AIzaSyDxgUn0XDS_EpfkVb6PKKTHkIBS7AeGnRc","authDomain":"ifsolucionesautomotrices.firebaseapp.com","messagingSenderId":"610108589353","projectNumber":"610108589353","version":"2"}
[info] 
   Thank you for trying our early preview of Next.js support on Firebase Hosting.
   During the preview, support is best-effort and breaking changes can be expected. Proceed with caution.
   The integration is known to work with Next.js version 12 - 16.0. You may encounter errors.

   Documentation: https://firebase.google.com/docs/hosting/frameworks/nextjs
   File a bug: https://github.com/firebase/firebase-tools/issues/new?template=bug_report.md
   Submit a feature request: https://github.com/firebase/firebase-tools/issues/new?template=feature_request.md

   We'd love to learn from you. Express your interest in helping us shape the future of Firebase Hosting: https://goo.gle/41enW5X

[debug] [2026-06-13T21:10:19.775Z] Checked if tokens are valid: true, expires at: 1781388606927
[debug] [2026-06-13T21:10:19.775Z] Checked if tokens are valid: true, expires at: 1781388606927
[debug] [2026-06-13T21:10:19.776Z] >>> [apiv2][query] GET https://firebasehosting.googleapis.com/v1beta1/projects/ifsolucionesautomotrices/sites/ifsolucionesautomotrices [none]
[debug] [2026-06-13T21:10:20.981Z] <<< [apiv2][status] GET https://firebasehosting.googleapis.com/v1beta1/projects/ifsolucionesautomotrices/sites/ifsolucionesautomotrices 200
[debug] [2026-06-13T21:10:20.981Z] <<< [apiv2][body] GET https://firebasehosting.googleapis.com/v1beta1/projects/ifsolucionesautomotrices/sites/ifsolucionesautomotrices {"name":"projects/ifsolucionesautomotrices/sites/ifsolucionesautomotrices","defaultUrl":"https://ifsolucionesautomotrices.web.app","appId":"1:610108589353:web:528c3d4d141edc52be6338","type":"DEFAULT_SITE"}
[info] ▲ Next.js 16.2.6 (Turbopack)

[info] - Environments: .env.local


[info]   Creating an optimized production build ...

[info] ✓ Compiled successfully in 7.4s

[info]   Running TypeScript ...

[info] Failed to type check.


[info] ./src/components/ordenes/OrdenDetalleSidebar.tsx:1501:11
Type error: Type '{ tipoInicial: "producto" | "servicio"; onClose: () => void; onAdd: (item: Omit<ItemOrden, "id" | "ordenId" | "subtotal">) => Promise<void>; }' is not assignable to type 'IntrinsicAttributes & AgregarItemModalProps'.
  Property 'tipoInicial' does not exist on type 'IntrinsicAttributes & AgregarItemModalProps'.

  1499 |       {activeModal && (
  1500 |         <AgregarItemModal
> 1501 |           tipoInicial={activeModal}
       |           ^
  1502 |           onClose={() => setActiveModal(null)}
  1503 |           onAdd={handleAddItem}
  1504 |         />

[info] Next.js build worker exited with code: 1 and signal: null

[debug] [2026-06-13T21:10:41.533Z] Error: ENOENT: no such file or directory, open 'C:\Users\Lenovo\if-soluciones\.next\export-marker.json'
[error] 
[error] Error: An unexpected error has occurred.
